[PERF ][time= 554135] example.demo: CUTE_L0_TC_HeadValidSlot, 83723
[PERF ][time= 554135] example.demo: CUTE_L0_TC_IssueFire, 91
[PERF ][time= 554135] example.demo: CUTE_L1_TC_Stall_Memory, 36537
[PERF ][time= 554135] example.demo: CUTE_L1_TC_Stall_Compute, 521
[PERF ][time= 554135] example.demo: CUTE_L1_TC_Stall_Dependency, 46574
[PERF ][time= 554135] example.demo: CUTE_L1_TC_Need_AML, 0
[PERF ][time= 554135] example.demo: CUTE_L1_TC_Need_BML, 0
[PERF ][time= 554135] example.demo: CUTE_L1_TC_Need_CML, 35089
[PERF ][time= 554135] example.demo: CUTE_L1_TC_Need_ADC, 38238
[PERF ][time= 554135] example.demo: CUTE_L1_TC_Need_BDC, 38238
[PERF ][time= 554135] example.demo: CUTE_L1_TC_Need_CDC, 38238
[PERF ][time= 554135] example.demo: CUTE_L1_TC_Block_AML, 0
[PERF ][time= 554135] example.demo: CUTE_L1_TC_Block_BML, 0
[PERF ][time= 554135] example.demo: CUTE_L1_TC_Block_CML, 26232
[PERF ][time= 554135] example.demo: CUTE_L1_TC_Block_ADC, 515
[PERF ][time= 554135] example.demo: CUTE_L1_TC_Block_BDC, 515
[PERF ][time= 554135] example.demo: CUTE_L1_TC_Block_CDC, 521
[PERF ][time= 554135] example.demo: CUTE_L2_SB_Block_Dep_SrcNotReady, 47095
[PERF ][time= 554135] example.demo: CUTE_L2_SB_Block_Dep_DestBusy, 0
[PERF ][time= 554135] example.demo: CUTE_L2_SB_Block_Dep_DestHasConsumers, 0
[PERF ][time= 554135] example.demo: CUTE_L2_SB_Block_Dep_CMLStoreConsumer, 0
[PERF ][time= 554135] example.demo: CUTE_L2_SB_Block_Res_AMLBusy, 0
[PERF ][time= 554135] example.demo: CUTE_L2_SB_Block_Res_BMLBusy, 0
[PERF ][time= 554135] example.demo: CUTE_L2_SB_Block_Res_CMLLoadBusy, 26232
[PERF ][time= 554135] example.demo: CUTE_L2_SB_Block_Res_CMLStoreBusy, 0
[PERF ][time= 554135] example.demo: CUTE_L2_SB_Block_Res_ComputeBusy, 0
[PERF ][time= 554135] example.demo: CUTE_L3_SB_Dep_SrcNotReady_By_AML, 6230
[PERF ][time= 554135] example.demo: CUTE_L3_SB_Dep_SrcNotReady_By_BML, 3183
[PERF ][time= 554135] example.demo: CUTE_L3_SB_Dep_SrcNotReady_By_CML, 37717
[PERF ][time= 554135] example.demo: CUTE_L3_SB_Dep_SrcNotReady_By_Compute, 9378
[PERF ][time= 554135] example.demo: CUTE_L3_SB_Dep_DestBusy_By_AML, 0
[PERF ][time= 554135] example.demo: CUTE_L3_SB_Dep_DestBusy_By_BML, 0
[PERF ][time= 554135] example.demo: CUTE_L3_SB_Dep_DestBusy_By_CML, 0
[PERF ][time= 554135] example.demo: CUTE_L3_SB_Dep_DestBusy_By_Compute, 0
